<?xml version="1.0" encoding="UTF-8"?>
<!-- Generated by org.testng.reporters.JUnitReportReporter -->
<testsuite hostname="DESKTOP-A5VV87D" failures="0" tests="2" name="TestFile.DropdownTest" time="3.196" errors="0" timestamp="2023-04-25T16:44:26 IST" skipped="0">
  <testcase classname="TestFile.DropdownTest" name="verify_application_title" time="0.036"/>
  <system-out/>
  <testcase classname="TestFile.DropdownTest" name="verify_auto_suggestion_dropdown" time="3.160"/>
  <system-out/>
</testsuite> <!-- TestFile.DropdownTest -->
