<?xml version="1.0" encoding="UTF-8"?>
<!-- Generated by org.testng.reporters.JUnitReportReporter -->
<testsuite hostname="DESKTOP-A5VV87D" failures="0" tests="1" name="TestFile.DropdownTest" time="0.018" errors="0" timestamp="2023-04-25T09:42:54 IST" skipped="0">
  <testcase classname="TestFile.DropdownTest" name="verify_application_title" time="0.018"/>
  <system-out/>
</testsuite> <!-- TestFile.DropdownTest -->
